Connected with result code 0
topic is now published
On Subscribed: qos = 0
[-] Volume directory /data/ not found. Did you mount a volume?
[+] Storing output to root, creating weather2-weather-station-20230411.json...
[+] The following data will stored: {'time': '2023-04-11 21:22:21 UTC', 'Temperature': '23.320', 'Humidity': '19.100', 'Pressure': '79390.000', 'Light Intensity': '355.000', 'Min Wind Direction': '0.000', 'Max Wind Direction': '0.000', 'AVG Wind Direction': '0.000', 'Min Wind Speed': '0.000', 'Max Wind Speed': '0.000', 'AVG Wind Speed': '0.000', 'Accum Rainfall': '0.200', 'Accum Rainfall Duration': '10.000', 'Rainfall Intensity': '0.000', 'Max Rainfall Intensity': '0.000', 'Heating Temperature': '23.110', 'The dumping of state': '0.000', 'PM2.5': '0.000', 'PM10': '4.000'}
topic is now published
[+] The following data will stored: {'time': '2023-04-11 21:22:32 UTC', 'Temperature': '23.300', 'Humidity': '18.950', 'Pressure': '79380.000', 'Light Intensity': '355.000', 'Min Wind Direction': '0.000', 'Max Wind Direction': '0.000', 'AVG Wind Direction': '0.000', 'Min Wind Speed': '0.000', 'Max Wind Speed': '0.000', 'AVG Wind Speed': '0.000', 'Accum Rainfall': '0.200', 'Accum Rainfall Duration': '10.000', 'Rainfall Intensity': '0.000', 'Max Rainfall Intensity': '0.000', 'Heating Temperature': '23.080', 'The dumping of state': '0.000', 'PM2.5': '0.000', 'PM10': '0.000'}
topic is now published
[+] The following data will stored: {'time': '2023-04-11 21:22:44 UTC', 'Temperature': '23.320', 'Humidity': '18.920', 'Pressure': '79390.000', 'Light Intensity': '355.000', 'Min Wind Direction': '0.000', 'Max Wind Direction': '0.000', 'AVG Wind Direction': '0.000', 'Min Wind Speed': '0.000', 'Max Wind Speed': '0.000', 'AVG Wind Speed': '0.000', 'Accum Rainfall': '0.200', 'Accum Rainfall Duration': '10.000', 'Rainfall Intensity': '0.000', 'Max Rainfall Intensity': '0.000', 'Heating Temperature': '23.080', 'The dumping of state': '0.000', 'PM2.5': '0.000', 'PM10': '0.000'}
topic is now published
[+] The following data will stored: {'time': '2023-04-11 21:22:55 UTC', 'Temperature': '23.300', 'Humidity': '19.070', 'Pressure': '79390.000', 'Light Intensity': '355.000', 'Min Wind Direction': '0.000', 'Max Wind Direction': '0.000', 'AVG Wind Direction': '0.000', 'Min Wind Speed': '0.000', 'Max Wind Speed': '0.000', 'AVG Wind Speed': '0.000', 'Accum Rainfall': '0.200', 'Accum Rainfall Duration': '10.000', 'Rainfall Intensity': '0.000', 'Max Rainfall Intensity': '0.000', 'Heating Temperature': '23.080', 'The dumping of state': '0.000', 'PM2.5': '0.000', 'PM10': '0.000'}
topic is now published
[+] The following data will stored: {'time': '2023-04-11 21:23:06 UTC', 'Temperature': '23.320', 'Humidity': '19.130', 'Pressure': '79390.000', 'Light Intensity': '355.000', 'Min Wind Direction': '0.000', 'Max Wind Direction': '0.000', 'AVG Wind Direction': '0.000', 'Min Wind Speed': '0.000', 'Max Wind Speed': '0.000', 'AVG Wind Speed': '0.000', 'Accum Rainfall': '0.200', 'Accum Rainfall Duration': '10.000', 'Rainfall Intensity': '0.000', 'Max Rainfall Intensity': '0.000', 'Heating Temperature': '23.080', 'The dumping of state': '0.000', 'PM2.5': '0.000', 'PM10': '0.000'}
topic is now published
[+] The following data will stored: {'time': '2023-04-11 21:23:17 UTC', 'Temperature': '23.320', 'Humidity': '19.120', 'Pressure': '79380.000', 'Light Intensity': '355.000', 'Min Wind Direction': '0.000', 'Max Wind Direction': '0.000', 'AVG Wind Direction': '0.000', 'Min Wind Speed': '0.000', 'Max Wind Speed': '0.000', 'AVG Wind Speed': '0.000', 'Accum Rainfall': '0.200', 'Accum Rainfall Duration': '10.000', 'Rainfall Intensity': '0.000', 'Max Rainfall Intensity': '0.000', 'Heating Temperature': '23.080', 'The dumping of state': '0.000', 'PM2.5': '0.000', 'PM10': '0.000'}
topic is now published
[+] The following data will stored: {'time': '2023-04-11 21:23:28 UTC', 'Temperature': '23.330', 'Humidity': '19.210', 'Pressure': '79370.000', 'Light Intensity': '355.000', 'Min Wind Direction': '0.000', 'Max Wind Direction': '0.000', 'AVG Wind Direction': '0.000', 'Min Wind Speed': '0.000', 'Max Wind Speed': '0.000', 'AVG Wind Speed': '0.000', 'Accum Rainfall': '0.200', 'Accum Rainfall Duration': '10.000', 'Rainfall Intensity': '0.000', 'Max Rainfall Intensity': '0.000', 'Heating Temperature': '23.080', 'The dumping of state': '0.000', 'PM2.5': '0.000', 'PM10': '0.000'}
topic is now published
[+] The following data will stored: {'time': '2023-04-11 21:23:39 UTC', 'Temperature': '23.330', 'Humidity': '19.360', 'Pressure': '79400.000', 'Light Intensity': '355.000', 'Min Wind Direction': '0.000', 'Max Wind Direction': '0.000', 'AVG Wind Direction': '0.000', 'Min Wind Speed': '0.000', 'Max Wind Speed': '0.000', 'AVG Wind Speed': '0.000', 'Accum Rainfall': '0.200', 'Accum Rainfall Duration': '10.000', 'Rainfall Intensity': '0.000', 'Max Rainfall Intensity': '0.000', 'Heating Temperature': '23.060', 'The dumping of state': '0.000', 'PM2.5': '0.000', 'PM10': '0.000'}
topic is now published
[+] The following data will stored: {'time': '2023-04-11 21:23:50 UTC', 'Temperature': '23.320', 'Humidity': '19.460', 'Pressure': '79390.000', 'Light Intensity': '350.000', 'Min Wind Direction': '0.000', 'Max Wind Direction': '0.000', 'AVG Wind Direction': '0.000', 'Min Wind Speed': '0.000', 'Max Wind Speed': '0.000', 'AVG Wind Speed': '0.000', 'Accum Rainfall': '0.200', 'Accum Rainfall Duration': '10.000', 'Rainfall Intensity': '0.000', 'Max Rainfall Intensity': '0.000', 'Heating Temperature': '23.060', 'The dumping of state': '0.000', 'PM2.5': '0.000', 'PM10': '0.000'}
topic is now published
[+] The following data will stored: {'time': '2023-04-11 21:24:01 UTC', 'Temperature': '23.300', 'Humidity': '19.460', 'Pressure': '79390.000', 'Light Intensity': '355.000', 'Min Wind Direction': '0.000', 'Max Wind Direction': '0.000', 'AVG Wind Direction': '0.000', 'Min Wind Speed': '0.000', 'Max Wind Speed': '0.000', 'AVG Wind Speed': '0.000', 'Accum Rainfall': '0.200', 'Accum Rainfall Duration': '10.000', 'Rainfall Intensity': '0.000', 'Max Rainfall Intensity': '0.000', 'Heating Temperature': '23.080', 'The dumping of state': '0.000', 'PM2.5': '0.000', 'PM10': '0.000'}
topic is now published
[+] The following data will stored: {'time': '2023-04-11 21:24:12 UTC', 'Temperature': '23.290', 'Humidity': '19.440', 'Pressure': '79390.000', 'Light Intensity': '355.000', 'Min Wind Direction': '0.000', 'Max Wind Direction': '0.000', 'AVG Wind Direction': '0.000', 'Min Wind Speed': '0.000', 'Max Wind Speed': '0.000', 'AVG Wind Speed': '0.000', 'Accum Rainfall': '0.200', 'Accum Rainfall Duration': '10.000', 'Rainfall Intensity': '0.000', 'Max Rainfall Intensity': '0.000', 'Heating Temperature': '23.110', 'The dumping of state': '0.000', 'PM2.5': '0.000', 'PM10': '0.000'}
topic is now published
[+] The following data will stored: {'time': '2023-04-11 21:24:24 UTC', 'Temperature': '23.340', 'Humidity': '19.460', 'Pressure': '79390.000', 'Light Intensity': '355.000', 'Min Wind Direction': '0.000', 'Max Wind Direction': '0.000', 'AVG Wind Direction': '0.000', 'Min Wind Speed': '0.000', 'Max Wind Speed': '0.000', 'AVG Wind Speed': '0.000', 'Accum Rainfall': '0.200', 'Accum Rainfall Duration': '10.000', 'Rainfall Intensity': '0.000', 'Max Rainfall Intensity': '0.000', 'Heating Temperature': '23.080', 'The dumping of state': '0.000', 'PM2.5': '0.000', 'PM10': '0.000'}
topic is now published
[+] The following data will stored: {'time': '2023-04-11 21:24:35 UTC', 'Temperature': '23.330', 'Humidity': '19.490', 'Pressure': '79400.000', 'Light Intensity': '355.000', 'Min Wind Direction': '0.000', 'Max Wind Direction': '0.000', 'AVG Wind Direction': '0.000', 'Min Wind Speed': '0.000', 'Max Wind Speed': '0.000', 'AVG Wind Speed': '0.000', 'Accum Rainfall': '0.200', 'Accum Rainfall Duration': '10.000', 'Rainfall Intensity': '0.000', 'Max Rainfall Intensity': '0.000', 'Heating Temperature': '23.080', 'The dumping of state': '0.000', 'PM2.5': '0.000', 'PM10': '0.000'}
topic is now published
[+] The following data will stored: {'time': '2023-04-11 21:24:46 UTC', 'Temperature': '23.330', 'Humidity': '19.520', 'Pressure': '79390.000', 'Light Intensity': '355.000', 'Min Wind Direction': '0.000', 'Max Wind Direction': '0.000', 'AVG Wind Direction': '0.000', 'Min Wind Speed': '0.000', 'Max Wind Speed': '0.000', 'AVG Wind Speed': '0.000', 'Accum Rainfall': '0.200', 'Accum Rainfall Duration': '10.000', 'Rainfall Intensity': '0.000', 'Max Rainfall Intensity': '0.000', 'Heating Temperature': '23.060', 'The dumping of state': '0.000', 'PM2.5': '0.000', 'PM10': '0.000'}
topic is now published
[+] The following data will stored: {'time': '2023-04-11 21:24:57 UTC', 'Temperature': '23.330', 'Humidity': '19.540', 'Pressure': '79390.000', 'Light Intensity': '355.000', 'Min Wind Direction': '0.000', 'Max Wind Direction': '0.000', 'AVG Wind Direction': '0.000', 'Min Wind Speed': '0.000', 'Max Wind Speed': '0.000', 'AVG Wind Speed': '0.000', 'Accum Rainfall': '0.200', 'Accum Rainfall Duration': '10.000', 'Rainfall Intensity': '0.000', 'Max Rainfall Intensity': '0.000', 'Heating Temperature': '23.080', 'The dumping of state': '0.000', 'PM2.5': '0.000', 'PM10': '0.000'}
topic is now published
[+] The following data will stored: {'time': '2023-04-11 21:25:08 UTC', 'Temperature': '23.330', 'Humidity': '19.370', 'Pressure': '79400.000', 'Light Intensity': '355.000', 'Min Wind Direction': '0.000', 'Max Wind Direction': '0.000', 'AVG Wind Direction': '0.000', 'Min Wind Speed': '0.000', 'Max Wind Speed': '0.000', 'AVG Wind Speed': '0.000', 'Accum Rainfall': '0.200', 'Accum Rainfall Duration': '10.000', 'Rainfall Intensity': '0.000', 'Max Rainfall Intensity': '0.000', 'Heating Temperature': '23.060', 'The dumping of state': '0.000', 'PM2.5': '0.000', 'PM10': '0.000'}
topic is now published
[+] The following data will stored: {'time': '2023-04-11 21:25:19 UTC', 'Temperature': '23.320', 'Humidity': '19.320', 'Pressure': '79390.000', 'Light Intensity': '355.000', 'Min Wind Direction': '0.000', 'Max Wind Direction': '0.000', 'AVG Wind Direction': '0.000', 'Min Wind Speed': '0.000', 'Max Wind Speed': '0.000', 'AVG Wind Speed': '0.000', 'Accum Rainfall': '0.200', 'Accum Rainfall Duration': '10.000', 'Rainfall Intensity': '0.000', 'Max Rainfall Intensity': '0.000', 'Heating Temperature': '23.060', 'The dumping of state': '0.000', 'PM2.5': '0.000', 'PM10': '0.000'}
topic is now published
[+] The following data will stored: {'time': '2023-04-11 21:25:30 UTC', 'Temperature': '23.340', 'Humidity': '19.510', 'Pressure': '79380.000', 'Light Intensity': '355.000', 'Min Wind Direction': '0.000', 'Max Wind Direction': '0.000', 'AVG Wind Direction': '0.000', 'Min Wind Speed': '0.000', 'Max Wind Speed': '0.000', 'AVG Wind Speed': '0.000', 'Accum Rainfall': '0.200', 'Accum Rainfall Duration': '10.000', 'Rainfall Intensity': '0.000', 'Max Rainfall Intensity': '0.000', 'Heating Temperature': '23.080', 'The dumping of state': '0.000', 'PM2.5': '0.000', 'PM10': '0.000'}
topic is now published
[+] The following data will stored: {'time': '2023-04-11 21:25:41 UTC', 'Temperature': '23.360', 'Humidity': '19.570', 'Pressure': '79380.000', 'Light Intensity': '355.000', 'Min Wind Direction': '0.000', 'Max Wind Direction': '0.000', 'AVG Wind Direction': '0.000', 'Min Wind Speed': '0.000', 'Max Wind Speed': '0.000', 'AVG Wind Speed': '0.000', 'Accum Rainfall': '0.200', 'Accum Rainfall Duration': '10.000', 'Rainfall Intensity': '0.000', 'Max Rainfall Intensity': '0.000', 'Heating Temperature': '23.100', 'The dumping of state': '0.000', 'PM2.5': '0.000', 'PM10': '0.000'}
topic is now published
[+] The following data will stored: {'time': '2023-04-11 21:25:52 UTC', 'Temperature': '23.320', 'Humidity': '19.570', 'Pressure': '79380.000', 'Light Intensity': '355.000', 'Min Wind Direction': '0.000', 'Max Wind Direction': '0.000', 'AVG Wind Direction': '0.000', 'Min Wind Speed': '0.000', 'Max Wind Speed': '0.000', 'AVG Wind Speed': '0.000', 'Accum Rainfall': '0.200', 'Accum Rainfall Duration': '10.000', 'Rainfall Intensity': '0.000', 'Max Rainfall Intensity': '0.000', 'Heating Temperature': '23.080', 'The dumping of state': '0.000', 'PM2.5': '0.000', 'PM10': '0.000'}
topic is now published
[+] The following data will stored: {'time': '2023-04-11 21:26:03 UTC', 'Temperature': '23.340', 'Humidity': '19.570', 'Pressure': '79380.000', 'Light Intensity': '355.000', 'Min Wind Direction': '0.000', 'Max Wind Direction': '0.000', 'AVG Wind Direction': '0.000', 'Min Wind Speed': '0.000', 'Max Wind Speed': '0.000', 'AVG Wind Speed': '0.000', 'Accum Rainfall': '0.200', 'Accum Rainfall Duration': '10.000', 'Rainfall Intensity': '0.000', 'Max Rainfall Intensity': '0.000', 'Heating Temperature': '23.080', 'The dumping of state': '0.000', 'PM2.5': '0.000', 'PM10': '0.000'}
topic is now published
[+] The following data will stored: {'time': '2023-04-11 21:26:15 UTC', 'Temperature': '23.320', 'Humidity': '19.590', 'Pressure': '79380.000', 'Light Intensity': '355.000', 'Min Wind Direction': '0.000', 'Max Wind Direction': '0.000', 'AVG Wind Direction': '0.000', 'Min Wind Speed': '0.000', 'Max Wind Speed': '0.000', 'AVG Wind Speed': '0.000', 'Accum Rainfall': '0.200', 'Accum Rainfall Duration': '10.000', 'Rainfall Intensity': '0.000', 'Max Rainfall Intensity': '0.000', 'Heating Temperature': '23.080', 'The dumping of state': '0.000', 'PM2.5': '0.000', 'PM10': '0.000'}
topic is now published
[+] The following data will stored: {'time': '2023-04-11 21:26:27 UTC', 'Temperature': '23.340', 'Humidity': '19.610', 'Pressure': '79380.000', 'Light Intensity': '355.000', 'Min Wind Direction': '0.000', 'Max Wind Direction': '0.000', 'AVG Wind Direction': '0.000', 'Min Wind Speed': '0.000', 'Max Wind Speed': '0.000', 'AVG Wind Speed': '0.000', 'Accum Rainfall': '0.200', 'Accum Rainfall Duration': '10.000', 'Rainfall Intensity': '0.000', 'Max Rainfall Intensity': '0.000', 'Heating Temperature': '23.060', 'The dumping of state': '0.000', 'PM2.5': '0.000', 'PM10': '0.000'}
topic is now published
[+] The following data will stored: {'time': '2023-04-11 21:26:39 UTC', 'Temperature': '23.330', 'Humidity': '19.590', 'Pressure': '79380.000', 'Light Intensity': '355.000', 'Min Wind Direction': '0.000', 'Max Wind Direction': '0.000', 'AVG Wind Direction': '0.000', 'Min Wind Speed': '0.000', 'Max Wind Speed': '0.000', 'AVG Wind Speed': '0.000', 'Accum Rainfall': '0.200', 'Accum Rainfall Duration': '10.000', 'Rainfall Intensity': '0.000', 'Max Rainfall Intensity': '0.000', 'Heating Temperature': '23.060', 'The dumping of state': '0.000', 'PM2.5': '0.000', 'PM10': '0.000'}
topic is now published
[+] The following data will stored: {'time': '2023-04-11 21:26:50 UTC', 'Temperature': '23.330', 'Humidity': '19.570', 'Pressure': '79370.000', 'Light Intensity': '355.000', 'Min Wind Direction': '0.000', 'Max Wind Direction': '0.000', 'AVG Wind Direction': '0.000', 'Min Wind Speed': '0.000', 'Max Wind Speed': '0.000', 'AVG Wind Speed': '0.000', 'Accum Rainfall': '0.200', 'Accum Rainfall Duration': '10.000', 'Rainfall Intensity': '0.000', 'Max Rainfall Intensity': '0.000', 'Heating Temperature': '23.060', 'The dumping of state': '0.000', 'PM2.5': '0.000', 'PM10': '0.000'}
topic is now published
[+] The following data will stored: {'time': '2023-04-11 21:27:01 UTC', 'Temperature': '23.340', 'Humidity': '19.610', 'Pressure': '79380.000', 'Light Intensity': '355.000', 'Min Wind Direction': '0.000', 'Max Wind Direction': '0.000', 'AVG Wind Direction': '0.000', 'Min Wind Speed': '0.000', 'Max Wind Speed': '0.000', 'AVG Wind Speed': '0.000', 'Accum Rainfall': '0.200', 'Accum Rainfall Duration': '10.000', 'Rainfall Intensity': '0.000', 'Max Rainfall Intensity': '0.000', 'Heating Temperature': '23.060', 'The dumping of state': '0.000', 'PM2.5': '0.000', 'PM10': '0.000'}
topic is now published
